<?xml version="1.0" encoding="UTF-8"?>
<testsuite name="com.viniciusvr.edespensa.EdespensaApplicationTests" tests="1" skipped="0" failures="0" errors="0" timestamp="2026-01-22T17:16:12.659Z" hostname="runnervmmtnos" time="0.009">
  <properties/>
  <testcase name="contextLoads()" classname="com.viniciusvr.edespensa.EdespensaApplicationTests" time="0.009"/>
  <system-out><![CDATA[17:16:08.120 [Test worker] INFO org.springframework.test.context.support.AnnotationConfigContextLoaderUtils -- Could not detect default configuration classes for test class [com.viniciusvr.edespensa.EdespensaApplicationTests]: EdespensaApplicationTests does not declare any static, non-private, non-final, nested classes annotated with @Configuration.
17:16:08.366 [Test worker] INFO org.springframework.boot.test.context.SpringBootTestContextBootstrapper -- Found @SpringBootConfiguration com.viniciusvr.edespensa.EdespensaApplication for test class com.viniciusvr.edespensa.EdespensaApplicationTests

  .   ____          _            __ _ _
 /\\ / ___'_ __ _ _(_)_ __  __ _ \ \ \ \
( ( )\___ | '_ | '_| | '_ \/ _` | \ \ \ \
 \\/  ___)| |_)| | | | | || (_| |  ) ) ) )
  '  |____| .__|_| |_|_| |_\__, | / / / /
 =========|_|==============|___/=/_/_/_/

 :: Spring Boot ::                (v4.0.2)

2026-01-22T17:16:08.744Z  INFO 4840 --- [edespensa] [    Test worker] c.v.edespensa.EdespensaApplicationTests  : Starting EdespensaApplicationTests using Java 21.0.9 with PID 4840 (started by runner in /home/runner/work/spring-react-despensa-inteligente/spring-react-despensa-inteligente/edespensa)
2026-01-22T17:16:08.746Z  INFO 4840 --- [edespensa] [    Test worker] c.v.edespensa.EdespensaApplicationTests  : No active profile set, falling back to 1 default profile: "default"
2026-01-22T17:16:09.597Z  INFO 4840 --- [edespensa] [    Test worker] .s.d.r.c.RepositoryConfigurationDelegate : Bootstrapping Spring Data JPA repositories in DEFAULT mode.
2026-01-22T17:16:09.654Z  INFO 4840 --- [edespensa] [    Test worker] .s.d.r.c.RepositoryConfigurationDelegate : Finished Spring Data repository scanning in 48 ms. Found 2 JPA repository interfaces.
2026-01-22T17:16:10.042Z  INFO 4840 --- [edespensa] [    Test worker] org.hibernate.orm.jpa                    : HHH008540: Processing PersistenceUnitInfo [name: default]
2026-01-22T17:16:10.083Z  INFO 4840 --- [edespensa] [    Test worker] org.hibernate.orm.core                   : HHH000001: Hibernate ORM core version 7.2.1.Final
2026-01-22T17:16:10.324Z  INFO 4840 --- [edespensa] [    Test worker] o.s.o.j.p.SpringPersistenceUnitInfo      : No LoadTimeWeaver setup: ignoring JPA class transformer
2026-01-22T17:16:10.357Z  INFO 4840 --- [edespensa] [    Test worker] com.zaxxer.hikari.HikariDataSource       : HikariPool-1 - Starting...
2026-01-22T17:16:10.507Z  INFO 4840 --- [edespensa] [    Test worker] com.zaxxer.hikari.pool.HikariPool        : HikariPool-1 - Added connection conn0: url=jdbc:h2:mem:despensadb user=SA
2026-01-22T17:16:10.509Z  INFO 4840 --- [edespensa] [    Test worker] com.zaxxer.hikari.HikariDataSource       : HikariPool-1 - Start completed.
2026-01-22T17:16:10.532Z  WARN 4840 --- [edespensa] [    Test worker] org.hibernate.orm.deprecation            : HHH90000025: H2Dialect does not need to be specified explicitly using 'hibernate.dialect' (remove the property setting and it will be selected by default)
2026-01-22T17:16:10.552Z  INFO 4840 --- [edespensa] [    Test worker] org.hibernate.orm.connections.pooling    : HHH10001005: Database info:
	Database JDBC URL [jdbc:h2:mem:despensadb]
	Database driver: H2 JDBC Driver
	Database dialect: H2Dialect
	Database version: 2.4.240
	Default catalog/schema: DESPENSADB/PUBLIC
	Autocommit mode: undefined/unknown
	Isolation level: READ_COMMITTED [default READ_COMMITTED]
	JDBC fetch size: 100
	Pool: DataSourceConnectionProvider
	Minimum pool size: undefined/unknown
	Maximum pool size: undefined/unknown
2026-01-22T17:16:11.146Z  INFO 4840 --- [edespensa] [    Test worker] org.hibernate.orm.core                   : HHH000489: No JTA platform available (set 'hibernate.transaction.jta.platform' to enable JTA platform integration)
Hibernate: create table itens_lista_compras (id varchar(255) not null, atualizado_em timestamp(6) not null, categoria enum ('BEBIDAS','CONGELADOS','ENLATADOS','GRAOS','LATICINIOS','OUTROS'), comprado boolean not null, criado_em timestamp(6) not null, nome varchar(255) not null, quantidade integer not null, primary key (id))
Hibernate: create table produtos (id varchar(255) not null, ativo boolean not null, atualizado_em timestamp(6) not null, categoria enum ('BEBIDAS','CONGELADOS','ENLATADOS','GRAOS','LATICINIOS','OUTROS') not null, criado_em timestamp(6) not null, data_validade date, nome varchar(255) not null, quantidade integer not null, primary key (id))
2026-01-22T17:16:11.191Z  INFO 4840 --- [edespensa] [    Test worker] j.LocalContainerEntityManagerFactoryBean : Initialized JPA EntityManagerFactory for persistence unit 'default'
2026-01-22T17:16:11.282Z  INFO 4840 --- [edespensa] [    Test worker] o.s.d.j.r.query.QueryEnhancerFactories   : Hibernate is in classpath; If applicable, HQL parser will be used.
2026-01-22T17:16:12.151Z  WARN 4840 --- [edespensa] [    Test worker] JpaBaseConfiguration$JpaWebConfiguration : spring.jpa.open-in-view is enabled by default. Therefore, database queries may be performed during view rendering. Explicitly configure spring.jpa.open-in-view to disable this warning
2026-01-22T17:16:12.552Z  INFO 4840 --- [edespensa] [    Test worker] o.s.b.h.a.H2ConsoleAutoConfiguration     : H2 console available at '/h2-console'. Database available at 'jdbc:h2:mem:despensadb'
2026-01-22T17:16:12.648Z  INFO 4840 --- [edespensa] [    Test worker] c.v.edespensa.EdespensaApplicationTests  : Started EdespensaApplicationTests in 4.146 seconds (process running for 6.353)
]]></system-out>
  <system-err><![CDATA[]]></system-err>
</testsuite>
